<?xml version="1.0" encoding="UTF-8"?>
<testsuite xmlns:xsi="http://www.w3.org/2001/XMLSchema-instance" xsi:noNamespaceSchemaLocation="https://maven.apache.org/surefire/maven-surefire-plugin/xsd/surefire-test-report.xsd" name="testrunner.TestRunner" time="0.547" tests="1" errors="1" skipped="0" failures="0">
  <properties>
    <property name="sun.desktop" value="windows"/>
    <property name="awt.toolkit" value="sun.awt.windows.WToolkit"/>
    <property name="file.encoding.pkg" value="sun.io"/>
    <property name="java.specification.version" value="1.8"/>
    <property name="sun.cpu.isalist" value="amd64"/>
    <property name="sun.jnu.encoding" value="Cp1252"/>
    <property name="java.class.path" value="C:\Users\pmuleya\Desktop\untitled\target\test-classes;C:\Users\pmuleya\Desktop\untitled\target\classes;C:\Users\pmuleya\.m2\repository\org\seleniumhq\selenium\selenium-java\2.53.1\selenium-java-2.53.1.jar;C:\Users\pmuleya\.m2\repository\org\seleniumhq\selenium\selenium-chrome-driver\2.53.1\selenium-chrome-driver-2.53.1.jar;C:\Users\pmuleya\.m2\repository\org\seleniumhq\selenium\selenium-remote-driver\2.53.1\selenium-remote-driver-2.53.1.jar;C:\Users\pmuleya\.m2\repository\cglib\cglib-nodep\2.1_3\cglib-nodep-2.1_3.jar;C:\Users\pmuleya\.m2\repository\com\google\code\gson\gson\2.3.1\gson-2.3.1.jar;C:\Users\pmuleya\.m2\repository\org\seleniumhq\selenium\selenium-api\2.53.1\selenium-api-2.53.1.jar;C:\Users\pmuleya\.m2\repository\org\apache\httpcomponents\httpclient\4.5.1\httpclient-4.5.1.jar;C:\Users\pmuleya\.m2\repository\org\apache\httpcomponents\httpcore\4.4.3\httpcore-4.4.3.jar;C:\Users\pmuleya\.m2\repository\com\google\guava\guava\19.0\guava-19.0.jar;C:\Users\pmuleya\.m2\repository\org\seleniumhq\selenium\selenium-edge-driver\2.53.1\selenium-edge-driver-2.53.1.jar;C:\Users\pmuleya\.m2\repository\commons-io\commons-io\2.4\commons-io-2.4.jar;C:\Users\pmuleya\.m2\repository\org\apache\commons\commons-exec\1.3\commons-exec-1.3.jar;C:\Users\pmuleya\.m2\repository\org\seleniumhq\selenium\htmlunit-driver\2.21\htmlunit-driver-2.21.jar;C:\Users\pmuleya\.m2\repository\net\sourceforge\htmlunit\htmlunit\2.21\htmlunit-2.21.jar;C:\Users\pmuleya\.m2\repository\xalan\xalan\2.7.2\xalan-2.7.2.jar;C:\Users\pmuleya\.m2\repository\xalan\serializer\2.7.2\serializer-2.7.2.jar;C:\Users\pmuleya\.m2\repository\org\apache\commons\commons-lang3\3.4\commons-lang3-3.4.jar;C:\Users\pmuleya\.m2\repository\org\apache\httpcomponents\httpmime\4.5.2\httpmime-4.5.2.jar;C:\Users\pmuleya\.m2\repository\commons-codec\commons-codec\1.10\commons-codec-1.10.jar;C:\Users\pmuleya\.m2\repository\net\sourceforge\htmlunit\htmlunit-core-js\2.17\htmlunit-core-js-2.17.jar;C:\Users\pmuleya\.m2\repository\net\sourceforge\htmlunit\neko-htmlunit\2.21\neko-htmlunit-2.21.jar;C:\Users\pmuleya\.m2\repository\xerces\xercesImpl\2.11.0\xercesImpl-2.11.0.jar;C:\Users\pmuleya\.m2\repository\xml-apis\xml-apis\1.4.01\xml-apis-1.4.01.jar;C:\Users\pmuleya\.m2\repository\net\sourceforge\cssparser\cssparser\0.9.18\cssparser-0.9.18.jar;C:\Users\pmuleya\.m2\repository\org\w3c\css\sac\1.3\sac-1.3.jar;C:\Users\pmuleya\.m2\repository\commons-logging\commons-logging\1.2\commons-logging-1.2.jar;C:\Users\pmuleya\.m2\repository\org\eclipse\jetty\websocket\websocket-client\9.2.15.v20160210\websocket-client-9.2.15.v20160210.jar;C:\Users\pmuleya\.m2\repository\org\eclipse\jetty\jetty-util\9.2.15.v20160210\jetty-util-9.2.15.v20160210.jar;C:\Users\pmuleya\.m2\repository\org\eclipse\jetty\jetty-io\9.2.15.v20160210\jetty-io-9.2.15.v20160210.jar;C:\Users\pmuleya\.m2\repository\org\eclipse\jetty\websocket\websocket-common\9.2.15.v20160210\websocket-common-9.2.15.v20160210.jar;C:\Users\pmuleya\.m2\repository\org\eclipse\jetty\websocket\websocket-api\9.2.15.v20160210\websocket-api-9.2.15.v20160210.jar;C:\Users\pmuleya\.m2\repository\commons-collections\commons-collections\3.2.2\commons-collections-3.2.2.jar;C:\Users\pmuleya\.m2\repository\org\seleniumhq\selenium\selenium-firefox-driver\2.53.1\selenium-firefox-driver-2.53.1.jar;C:\Users\pmuleya\.m2\repository\org\seleniumhq\selenium\selenium-ie-driver\2.53.1\selenium-ie-driver-2.53.1.jar;C:\Users\pmuleya\.m2\repository\net\java\dev\jna\jna\4.1.0\jna-4.1.0.jar;C:\Users\pmuleya\.m2\repository\net\java\dev\jna\jna-platform\4.1.0\jna-platform-4.1.0.jar;C:\Users\pmuleya\.m2\repository\org\seleniumhq\selenium\selenium-safari-driver\2.53.1\selenium-safari-driver-2.53.1.jar;C:\Users\pmuleya\.m2\repository\io\netty\netty\3.5.7.Final\netty-3.5.7.Final.jar;C:\Users\pmuleya\.m2\repository\org\seleniumhq\selenium\selenium-support\2.53.1\selenium-support-2.53.1.jar;C:\Users\pmuleya\.m2\repository\org\seleniumhq\selenium\selenium-leg-rc\2.53.1\selenium-leg-rc-2.53.1.jar;C:\Users\pmuleya\.m2\repository\log4j\log4j\1.2.12\log4j-1.2.12.jar;C:\Users\pmuleya\.m2\repository\junit\junit\4.13.2\junit-4.13.2.jar;C:\Users\pmuleya\.m2\repository\org\hamcrest\hamcrest-core\1.3\hamcrest-core-1.3.jar;C:\Users\pmuleya\.m2\repository\io\cucumber\cucumber-java\4.8.0\cucumber-java-4.8.0.jar;C:\Users\pmuleya\.m2\repository\io\cucumber\cucumber-core\4.8.0\cucumber-core-4.8.0.jar;C:\Users\pmuleya\.m2\repository\io\cucumber\gherkin\5.1.0\gherkin-5.1.0.jar;C:\Users\pmuleya\.m2\repository\io\cucumber\tag-expressions\1.1.1\tag-expressions-1.1.1.jar;C:\Users\pmuleya\.m2\repository\io\cucumber\cucumber-expressions\7.0.2\cucumber-expressions-7.0.2.jar;C:\Users\pmuleya\.m2\repository\io\cucumber\datatable\1.1.14\datatable-1.1.14.jar;C:\Users\pmuleya\.m2\repository\io\cucumber\datatable-dependencies\1.1.14\datatable-dependencies-1.1.14.jar;C:\Users\pmuleya\.m2\repository\org\apiguardian\apiguardian-api\1.1.0\apiguardian-api-1.1.0.jar;C:\Users\pmuleya\.m2\repository\io\cucumber\cucumber-junit\4.8.0\cucumber-junit-4.8.0.jar;"/>
    <property name="java.vm.vendor" value="Oracle Corporation"/>
    <property name="sun.arch.data.model" value="64"/>
    <property name="user.variant" value=""/>
    <property name="java.vendor.url" value="http://java.oracle.com/"/>
    <property name="user.timezone" value="Africa/Harare"/>
    <property name="java.vm.specification.version" value="1.8"/>
    <property name="os.name" value="Windows 10"/>
    <property name="user.country" value="ZA"/>
    <property name="sun.java.launcher" value="SUN_STANDARD"/>
    <property name="sun.boot.library.path" value="C:\Program Files\Java\jdk1.8.0_271\jre\bin"/>
    <property name="sun.java.command" value="C:\Users\pmuleya\AppData\Local\Temp\surefire3083843644425932807\surefirebooter1325356800065668925.jar C:\Users\pmuleya\AppData\Local\Temp\surefire3083843644425932807 2022-05-12T17-19-28_537-jvmRun1 surefire5069023473044715635tmp surefire_02661977270927718318tmp"/>
    <property name="surefire.test.class.path" value="C:\Users\pmuleya\Desktop\untitled\target\test-classes;C:\Users\pmuleya\Desktop\untitled\target\classes;C:\Users\pmuleya\.m2\repository\org\seleniumhq\selenium\selenium-java\2.53.1\selenium-java-2.53.1.jar;C:\Users\pmuleya\.m2\repository\org\seleniumhq\selenium\selenium-chrome-driver\2.53.1\selenium-chrome-driver-2.53.1.jar;C:\Users\pmuleya\.m2\repository\org\seleniumhq\selenium\selenium-remote-driver\2.53.1\selenium-remote-driver-2.53.1.jar;C:\Users\pmuleya\.m2\repository\cglib\cglib-nodep\2.1_3\cglib-nodep-2.1_3.jar;C:\Users\pmuleya\.m2\repository\com\google\code\gson\gson\2.3.1\gson-2.3.1.jar;C:\Users\pmuleya\.m2\repository\org\seleniumhq\selenium\selenium-api\2.53.1\selenium-api-2.53.1.jar;C:\Users\pmuleya\.m2\repository\org\apache\httpcomponents\httpclient\4.5.1\httpclient-4.5.1.jar;C:\Users\pmuleya\.m2\repository\org\apache\httpcomponents\httpcore\4.4.3\httpcore-4.4.3.jar;C:\Users\pmuleya\.m2\repository\com\google\guava\guava\19.0\guava-19.0.jar;C:\Users\pmuleya\.m2\repository\org\seleniumhq\selenium\selenium-edge-driver\2.53.1\selenium-edge-driver-2.53.1.jar;C:\Users\pmuleya\.m2\repository\commons-io\commons-io\2.4\commons-io-2.4.jar;C:\Users\pmuleya\.m2\repository\org\apache\commons\commons-exec\1.3\commons-exec-1.3.jar;C:\Users\pmuleya\.m2\repository\org\seleniumhq\selenium\htmlunit-driver\2.21\htmlunit-driver-2.21.jar;C:\Users\pmuleya\.m2\repository\net\sourceforge\htmlunit\htmlunit\2.21\htmlunit-2.21.jar;C:\Users\pmuleya\.m2\repository\xalan\xalan\2.7.2\xalan-2.7.2.jar;C:\Users\pmuleya\.m2\repository\xalan\serializer\2.7.2\serializer-2.7.2.jar;C:\Users\pmuleya\.m2\repository\org\apache\commons\commons-lang3\3.4\commons-lang3-3.4.jar;C:\Users\pmuleya\.m2\repository\org\apache\httpcomponents\httpmime\4.5.2\httpmime-4.5.2.jar;C:\Users\pmuleya\.m2\repository\commons-codec\commons-codec\1.10\commons-codec-1.10.jar;C:\Users\pmuleya\.m2\repository\net\sourceforge\htmlunit\htmlunit-core-js\2.17\htmlunit-core-js-2.17.jar;C:\Users\pmuleya\.m2\repository\net\sourceforge\htmlunit\neko-htmlunit\2.21\neko-htmlunit-2.21.jar;C:\Users\pmuleya\.m2\repository\xerces\xercesImpl\2.11.0\xercesImpl-2.11.0.jar;C:\Users\pmuleya\.m2\repository\xml-apis\xml-apis\1.4.01\xml-apis-1.4.01.jar;C:\Users\pmuleya\.m2\repository\net\sourceforge\cssparser\cssparser\0.9.18\cssparser-0.9.18.jar;C:\Users\pmuleya\.m2\repository\org\w3c\css\sac\1.3\sac-1.3.jar;C:\Users\pmuleya\.m2\repository\commons-logging\commons-logging\1.2\commons-logging-1.2.jar;C:\Users\pmuleya\.m2\repository\org\eclipse\jetty\websocket\websocket-client\9.2.15.v20160210\websocket-client-9.2.15.v20160210.jar;C:\Users\pmuleya\.m2\repository\org\eclipse\jetty\jetty-util\9.2.15.v20160210\jetty-util-9.2.15.v20160210.jar;C:\Users\pmuleya\.m2\repository\org\eclipse\jetty\jetty-io\9.2.15.v20160210\jetty-io-9.2.15.v20160210.jar;C:\Users\pmuleya\.m2\repository\org\eclipse\jetty\websocket\websocket-common\9.2.15.v20160210\websocket-common-9.2.15.v20160210.jar;C:\Users\pmuleya\.m2\repository\org\eclipse\jetty\websocket\websocket-api\9.2.15.v20160210\websocket-api-9.2.15.v20160210.jar;C:\Users\pmuleya\.m2\repository\commons-collections\commons-collections\3.2.2\commons-collections-3.2.2.jar;C:\Users\pmuleya\.m2\repository\org\seleniumhq\selenium\selenium-firefox-driver\2.53.1\selenium-firefox-driver-2.53.1.jar;C:\Users\pmuleya\.m2\repository\org\seleniumhq\selenium\selenium-ie-driver\2.53.1\selenium-ie-driver-2.53.1.jar;C:\Users\pmuleya\.m2\repository\net\java\dev\jna\jna\4.1.0\jna-4.1.0.jar;C:\Users\pmuleya\.m2\repository\net\java\dev\jna\jna-platform\4.1.0\jna-platform-4.1.0.jar;C:\Users\pmuleya\.m2\repository\org\seleniumhq\selenium\selenium-safari-driver\2.53.1\selenium-safari-driver-2.53.1.jar;C:\Users\pmuleya\.m2\repository\io\netty\netty\3.5.7.Final\netty-3.5.7.Final.jar;C:\Users\pmuleya\.m2\repository\org\seleniumhq\selenium\selenium-support\2.53.1\selenium-support-2.53.1.jar;C:\Users\pmuleya\.m2\repository\org\seleniumhq\selenium\selenium-leg-rc\2.53.1\selenium-leg-rc-2.53.1.jar;C:\Users\pmuleya\.m2\repository\log4j\log4j\1.2.12\log4j-1.2.12.jar;C:\Users\pmuleya\.m2\repository\junit\junit\4.13.2\junit-4.13.2.jar;C:\Users\pmuleya\.m2\repository\org\hamcrest\hamcrest-core\1.3\hamcrest-core-1.3.jar;C:\Users\pmuleya\.m2\repository\io\cucumber\cucumber-java\4.8.0\cucumber-java-4.8.0.jar;C:\Users\pmuleya\.m2\repository\io\cucumber\cucumber-core\4.8.0\cucumber-core-4.8.0.jar;C:\Users\pmuleya\.m2\repository\io\cucumber\gherkin\5.1.0\gherkin-5.1.0.jar;C:\Users\pmuleya\.m2\repository\io\cucumber\tag-expressions\1.1.1\tag-expressions-1.1.1.jar;C:\Users\pmuleya\.m2\repository\io\cucumber\cucumber-expressions\7.0.2\cucumber-expressions-7.0.2.jar;C:\Users\pmuleya\.m2\repository\io\cucumber\datatable\1.1.14\datatable-1.1.14.jar;C:\Users\pmuleya\.m2\repository\io\cucumber\datatable-dependencies\1.1.14\datatable-dependencies-1.1.14.jar;C:\Users\pmuleya\.m2\repository\org\apiguardian\apiguardian-api\1.1.0\apiguardian-api-1.1.0.jar;C:\Users\pmuleya\.m2\repository\io\cucumber\cucumber-junit\4.8.0\cucumber-junit-4.8.0.jar;"/>
    <property name="sun.cpu.endian" value="little"/>
    <property name="user.home" value="C:\Users\pmuleya"/>
    <property name="user.language" value="en"/>
    <property name="java.specification.vendor" value="Oracle Corporation"/>
    <property name="java.home" value="C:\Program Files\Java\jdk1.8.0_271\jre"/>
    <property name="basedir" value="C:\Users\pmuleya\Desktop\untitled"/>
    <property name="file.separator" value="\"/>
    <property name="line.separator" value="&#10;"/>
    <property name="java.vm.specification.vendor" value="Oracle Corporation"/>
    <property name="java.specification.name" value="Java Platform API Specification"/>
    <property name="java.awt.graphicsenv" value="sun.awt.Win32GraphicsEnvironment"/>
    <property name="surefire.real.class.path" value="C:\Users\pmuleya\AppData\Local\Temp\surefire3083843644425932807\surefirebooter1325356800065668925.jar"/>
    <property name="sun.boot.class.path" value="C:\Program Files\Java\jdk1.8.0_271\jre\lib\resources.jar;C:\Program Files\Java\jdk1.8.0_271\jre\lib\rt.jar;C:\Program Files\Java\jdk1.8.0_271\jre\lib\sunrsasign.jar;C:\Program Files\Java\jdk1.8.0_271\jre\lib\jsse.jar;C:\Program Files\Java\jdk1.8.0_271\jre\lib\jce.jar;C:\Program Files\Java\jdk1.8.0_271\jre\lib\charsets.jar;C:\Program Files\Java\jdk1.8.0_271\jre\lib\jfr.jar;C:\Program Files\Java\jdk1.8.0_271\jre\classes"/>
    <property name="user.script" value=""/>
    <property name="sun.management.compiler" value="HotSpot 64-Bit Tiered Compilers"/>
    <property name="java.runtime.version" value="1.8.0_271-b09"/>
    <property name="user.name" value="PMuleya"/>
    <property name="path.separator" value=";"/>
    <property name="os.version" value="10.0"/>
    <property name="java.endorsed.dirs" value="C:\Program Files\Java\jdk1.8.0_271\jre\lib\endorsed"/>
    <property name="java.runtime.name" value="Java(TM) SE Runtime Environment"/>
    <property name="file.encoding" value="Cp1252"/>
    <property name="java.vm.name" value="Java HotSpot(TM) 64-Bit Server VM"/>
    <property name="idea.version2020.1" value="true"/>
    <property name="localRepository" value="C:\Users\pmuleya\.m2\repository"/>
    <property name="java.vendor.url.bug" value="http://bugreport.sun.com/bugreport/"/>
    <property name="java.io.tmpdir" value="C:\Users\pmuleya\AppData\Local\Temp\"/>
    <property name="java.version" value="1.8.0_271"/>
    <property name="user.dir" value="C:\Users\pmuleya\Desktop\untitled"/>
    <property name="os.arch" value="amd64"/>
    <property name="java.vm.specification.name" value="Java Virtual Machine Specification"/>
    <property name="java.awt.printerjob" value="sun.awt.windows.WPrinterJob"/>
    <property name="sun.os.patch.level" value=""/>
    <property name="java.library.path" value="C:\Program Files\Java\jdk1.8.0_271\jre\bin;C:\WINDOWS\Sun\Java\bin;C:\WINDOWS\system32;C:\WINDOWS;C:\Program Files (x86)\Common Files\Oracle\Java\javapath;C:\Users\pmuleya\AppData\Local\Programs\Python\Python310\Scripts;C:\Users\pmuleya\AppData\Local\Programs\Python\Python310;C:\WINDOWS\system32;C:\WINDOWS;C:\WINDOWS\System32\Wbem;C:\WINDOWS\System32\WindowsPowerShell\v1.0\;C:\WINDOWS\System32\OpenSSH\;C:\Users\pmuleya\AppData\Roaming\Microsoft\Windows\Start Menu\Programs\Python 3.8;C:\Users\pmuleya\AppData\Local\Android\Sdk\tools\bin;C:\Users\pmuleya\AppData\Local\Android\Sdk\tools;C:\Users\pmuleya\AppData\Local\Android\Sdk\platform-tools;C:\Program Files\nodejs\;C:\Program Files\nodejs\node_modules\npm\bin;C:\Program Files\Java\jdk1.8.0_271\bin;C:\Program Files\Java\jre\bin;C:\Users\pmuleya\Documents\maven\apache-maven-3.6.3\bin;C:\Program Files\Git\cmd;C:\Users\pmuleya\AppData\Local\Programs\Python\Python310\Scripts\;C:\Users\pmuleya\AppData\Local\Programs\Python\Python310\;C:\Users\pmuleya\AppData\Local\Microsoft\WindowsApps;;C:\Program Files\JetBrains\IntelliJ IDEA 2019.3.3\bin;;C:\Users\pmuleya\AppData\Roaming\npm;."/>
    <property name="java.vm.info" value="mixed mode"/>
    <property name="java.vendor" value="Oracle Corporation"/>
    <property name="java.vm.version" value="25.271-b09"/>
    <property name="java.ext.dirs" value="C:\Program Files\Java\jdk1.8.0_271\jre\lib\ext;C:\WINDOWS\Sun\Java\lib\ext"/>
    <property name="sun.io.unicode.encoding" value="UnicodeLittle"/>
    <property name="java.class.version" value="52.0"/>
  </properties>
  <testcase name="Job Application to ILab" classname="ILab Assessment" time="0.036">
    <error message="Step [^I should be able to enter &quot;([^&quot;]*)&quot; &quot;([^&quot;]*)&quot; &quot;([^&quot;]*)&quot;$] is defined with 6 parameters at &apos;stepDefinitions.Happyflow.i_should_be_able_to_enter_something_something_something(String,String,String,String,String,String) in file:/C:/Users/pmuleya/AppData/Local/Temp/surefire3083843644425932807/..%5C..%5C..%5C..%5CDesktop%5Cuntitled%5Ctarget%5Ctest-classes/&apos;.&#10;However, the gherkin step has 3 arguments:&#10; * Priscilla&#10; * automationAssessment@iLabQuality.com&#10; * I am respoding to the advitised position&#10;Step text: I should be able to enter &quot;Priscilla&quot; &quot;automationAssessment@iLabQuality.com&quot; &quot;I am respoding to the advitised position&quot;" type="cucumber.runtime.CucumberException">cucumber.runtime.CucumberException: 
Step [^I should be able to enter "([^"]*)" "([^"]*)" "([^"]*)"$] is defined with 6 parameters at 'stepDefinitions.Happyflow.i_should_be_able_to_enter_something_something_something(String,String,String,String,String,String) in file:/C:/Users/pmuleya/AppData/Local/Temp/surefire3083843644425932807/..%5C..%5C..%5C..%5CDesktop%5Cuntitled%5Ctarget%5Ctest-classes/'.
However, the gherkin step has 3 arguments:
 * Priscilla
 * automationAssessment@iLabQuality.com
 * I am respoding to the advitised position
Step text: I should be able to enter "Priscilla" "automationAssessment@iLabQuality.com" "I am respoding to the advitised position"
</error>
    <system-out><![CDATA[Feature: ILab Assessment

  @testing
  Scenario Outline: Job Application to ILab # src/test/features/Application.feature:4
    Given I want to apply from ILab side
    When I click on careers
    And select south Africa link
    And select the the advertised Jobs
    And click on the apply online link
    And I should be able to enter "<applicatName>" "<emailAddress>" "<message>"
    Then i should be able to submit the application and quite the browser

    Examples: 

  @testing
  Scenario Outline: Job Application to ILab                                                                                     # src/test/features/Application.feature:16
    Given I want to apply from ILab side                                                                                        # Happyflow.i_want_to_apply_from_ilab_side()
    When I click on careers                                                                                                     # Happyflow.i_click_on_careers()
    And select south Africa link                                                                                                # Happyflow.select_south_africa_link()
    And select the the advertised Jobs                                                                                          # Happyflow.select_the_the_advertised_jobs()
    And click on the apply online link                                                                                          # Happyflow.click_on_the_apply_online_link()
    And I should be able to enter "Priscilla" "automationAssessment@iLabQuality.com" "I am respoding to the advitised position" # Happyflow.i_should_be_able_to_enter_something_something_something(String,String,String,String,String,String)
      cucumber.runtime.CucumberException: Step [^I should be able to enter "([^"]*)" "([^"]*)" "([^"]*)"$] is defined with 6 parameters at 'stepDefinitions.Happyflow.i_should_be_able_to_enter_something_something_something(String,String,String,String,String,String) in file:/C:/Users/pmuleya/AppData/Local/Temp/surefire3083843644425932807/..%5C..%5C..%5C..%5CDesktop%5Cuntitled%5Ctarget%5Ctest-classes/'.
However, the gherkin step has 3 arguments:
 * Priscilla
 * automationAssessment@iLabQuality.com
 * I am respoding to the advitised position
Step text: I should be able to enter "Priscilla" "automationAssessment@iLabQuality.com" "I am respoding to the advitised position"
	at cucumber.runner.PickleStepDefinitionMatch.arityMismatch(PickleStepDefinitionMatch.java:84)
	at cucumber.runner.PickleStepDefinitionMatch.runStep(PickleStepDefinitionMatch.java:36)
	at cucumber.runner.TestStep.executeStep(TestStep.java:65)
	at cucumber.runner.TestStep.run(TestStep.java:50)
	at cucumber.runner.PickleStepTestStep.run(PickleStepTestStep.java:43)
	at cucumber.runner.TestCase.run(TestCase.java:46)
	at cucumber.runner.Runner.runPickle(Runner.java:50)
	at io.cucumber.junit.PickleRunners$NoStepDescriptions.run(PickleRunners.java:146)
	at io.cucumber.junit.FeatureRunner.runChild(FeatureRunner.java:68)
	at io.cucumber.junit.FeatureRunner.runChild(FeatureRunner.java:23)
	at org.junit.runners.ParentRunner$4.run(ParentRunner.java:331)
	at org.junit.runners.ParentRunner$1.schedule(ParentRunner.java:79)
	at org.junit.runners.ParentRunner.runChildren(ParentRunner.java:329)
	at org.junit.runners.ParentRunner.access$100(ParentRunner.java:66)
	at org.junit.runners.ParentRunner$2.evaluate(ParentRunner.java:293)
	at org.junit.runners.ParentRunner$3.evaluate(ParentRunner.java:306)
	at org.junit.runners.ParentRunner.run(ParentRunner.java:413)
	at io.cucumber.junit.Cucumber.runChild(Cucumber.java:144)
	at io.cucumber.junit.Cucumber.runChild(Cucumber.java:65)
	at org.junit.runners.ParentRunner$4.run(ParentRunner.java:331)
	at org.junit.runners.ParentRunner$1.schedule(ParentRunner.java:79)
	at org.junit.runners.ParentRunner.runChildren(ParentRunner.java:329)
	at org.junit.runners.ParentRunner.access$100(ParentRunner.java:66)
	at org.junit.runners.ParentRunner$2.evaluate(ParentRunner.java:293)
	at io.cucumber.junit.Cucumber$RunCucumber.evaluate(Cucumber.java:174)
	at org.junit.runners.ParentRunner$3.evaluate(ParentRunner.java:306)
	at org.junit.runners.ParentRunner.run(ParentRunner.java:413)
	at org.apache.maven.surefire.junit4.JUnit4Provider.execute(JUnit4Provider.java:365)
	at org.apache.maven.surefire.junit4.JUnit4Provider.executeWithRerun(JUnit4Provider.java:273)
	at org.apache.maven.surefire.junit4.JUnit4Provider.executeTestSet(JUnit4Provider.java:238)
	at org.apache.maven.surefire.junit4.JUnit4Provider.invoke(JUnit4Provider.java:159)
	at org.apache.maven.surefire.booter.ForkedBooter.invokeProviderInSameClassLoader(ForkedBooter.java:384)
	at org.apache.maven.surefire.booter.ForkedBooter.runSuitesInProcess(ForkedBooter.java:345)
	at org.apache.maven.surefire.booter.ForkedBooter.execute(ForkedBooter.java:126)
	at org.apache.maven.surefire.booter.ForkedBooter.main(ForkedBooter.java:418)

    Then i should be able to submit the application and quite the browser                                                       # Happyflow.i_should_be_able_to_submit_the_application_and_quite_the_browser()
]]></system-out>
  </testcase>
</testsuite>